<?xml version="1.0" encoding="UTF-8"?>
<testsuite name="Base64Test" tests="1" skipped="0" failures="0" errors="0" timestamp="2020-11-09T19:14:53" hostname="MRKTs-MacBook-Pro.local" time="0.003">
  <properties/>
  <testcase name="testPaddedStrings" classname="Base64Test" time="0.003"/>
  <system-out><![CDATA[]]></system-out>
  <system-err><![CDATA[]]></system-err>
</testsuite>
